[28-Sep-2025 13:57:04 America/Toronto] Erreur de connexion à la base de données: SQLSTATE[HY000] [1049] Unknown database 'cour343' (Code: 1049)
[28-Sep-2025 13:57:04 America/Toronto] Tentative de connexion échouée à root@127.0.0.1 sur la base cour343
[28-Sep-2025 13:57:04 America/Toronto] ERREUR de connexion: Impossible de se connecter à la base de données. Veuillez vérifier les paramètres de connexion.
[28-Sep-2025 13:57:04 America/Toronto] Tentative de connexion à la base de données...
[28-Sep-2025 13:57:04 America/Toronto] Erreur de connexion à la base de données: SQLSTATE[HY000] [1049] Unknown database 'cour343' (Code: 1049)
[28-Sep-2025 13:57:04 America/Toronto] Tentative de connexion échouée à root@127.0.0.1 sur la base cour343
[28-Sep-2025 13:57:04 America/Toronto] ERREUR de connexion à la base de données: Impossible de se connecter à la base de données. Veuillez vérifier les paramètres de connexion.
[28-Sep-2025 13:57:04 America/Toronto] Fichier: C:\xampp\htdocs\dashboard\PHP2\MVC_Composer\MVC_Composer\MVC_Composer\config\db.php, Ligne: 91
[28-Sep-2025 13:57:06 America/Toronto] Erreur de connexion à la base de données: SQLSTATE[HY000] [1049] Unknown database 'cour343' (Code: 1049)
[28-Sep-2025 13:57:06 America/Toronto] Tentative de connexion échouée à root@127.0.0.1 sur la base cour343
[28-Sep-2025 13:57:06 America/Toronto] ERREUR de connexion: Impossible de se connecter à la base de données. Veuillez vérifier les paramètres de connexion.
[28-Sep-2025 13:57:06 America/Toronto] Tentative de connexion à la base de données...
[28-Sep-2025 13:57:06 America/Toronto] Erreur de connexion à la base de données: SQLSTATE[HY000] [1049] Unknown database 'cour343' (Code: 1049)
[28-Sep-2025 13:57:06 America/Toronto] Tentative de connexion échouée à root@127.0.0.1 sur la base cour343
[28-Sep-2025 13:57:06 America/Toronto] ERREUR de connexion à la base de données: Impossible de se connecter à la base de données. Veuillez vérifier les paramètres de connexion.
[28-Sep-2025 13:57:06 America/Toronto] Fichier: C:\xampp\htdocs\dashboard\PHP2\MVC_Composer\MVC_Composer\MVC_Composer\config\db.php, Ligne: 91
[28-Sep-2025 13:57:07 America/Toronto] Erreur de connexion à la base de données: SQLSTATE[HY000] [1049] Unknown database 'cour343' (Code: 1049)
[28-Sep-2025 13:57:07 America/Toronto] Tentative de connexion échouée à root@127.0.0.1 sur la base cour343
[28-Sep-2025 13:57:07 America/Toronto] ERREUR de connexion: Impossible de se connecter à la base de données. Veuillez vérifier les paramètres de connexion.
[28-Sep-2025 13:57:07 America/Toronto] Tentative de connexion à la base de données...
[28-Sep-2025 13:57:07 America/Toronto] Erreur de connexion à la base de données: SQLSTATE[HY000] [1049] Unknown database 'cour343' (Code: 1049)
[28-Sep-2025 13:57:07 America/Toronto] Tentative de connexion échouée à root@127.0.0.1 sur la base cour343
[28-Sep-2025 13:57:07 America/Toronto] ERREUR de connexion à la base de données: Impossible de se connecter à la base de données. Veuillez vérifier les paramètres de connexion.
[28-Sep-2025 13:57:07 America/Toronto] Fichier: C:\xampp\htdocs\dashboard\PHP2\MVC_Composer\MVC_Composer\MVC_Composer\config\db.php, Ligne: 91
[28-Sep-2025 13:57:08 America/Toronto] Erreur de connexion à la base de données: SQLSTATE[HY000] [1049] Unknown database 'cour343' (Code: 1049)
[28-Sep-2025 13:57:08 America/Toronto] Tentative de connexion échouée à root@127.0.0.1 sur la base cour343
[28-Sep-2025 13:57:08 America/Toronto] ERREUR de connexion: Impossible de se connecter à la base de données. Veuillez vérifier les paramètres de connexion.
[28-Sep-2025 13:57:08 America/Toronto] Tentative de connexion à la base de données...
[28-Sep-2025 13:57:08 America/Toronto] Erreur de connexion à la base de données: SQLSTATE[HY000] [1049] Unknown database 'cour343' (Code: 1049)
[28-Sep-2025 13:57:08 America/Toronto] Tentative de connexion échouée à root@127.0.0.1 sur la base cour343
[28-Sep-2025 13:57:08 America/Toronto] ERREUR de connexion à la base de données: Impossible de se connecter à la base de données. Veuillez vérifier les paramètres de connexion.
[28-Sep-2025 13:57:08 America/Toronto] Fichier: C:\xampp\htdocs\dashboard\PHP2\MVC_Composer\MVC_Composer\MVC_Composer\config\db.php, Ligne: 91
[28-Sep-2025 13:57:56 America/Toronto] Erreur de connexion à la base de données: SQLSTATE[HY000] [1049] Unknown database 'cour343' (Code: 1049)
[28-Sep-2025 13:57:56 America/Toronto] Tentative de connexion échouée à root@127.0.0.1 sur la base cour343
[28-Sep-2025 13:57:56 America/Toronto] ERREUR de connexion: Impossible de se connecter à la base de données. Veuillez vérifier les paramètres de connexion.
[28-Sep-2025 13:57:56 America/Toronto] Tentative de connexion à la base de données...
[28-Sep-2025 13:57:56 America/Toronto] Erreur de connexion à la base de données: SQLSTATE[HY000] [1049] Unknown database 'cour343' (Code: 1049)
[28-Sep-2025 13:57:56 America/Toronto] Tentative de connexion échouée à root@127.0.0.1 sur la base cour343
[28-Sep-2025 13:57:56 America/Toronto] ERREUR de connexion à la base de données: Impossible de se connecter à la base de données. Veuillez vérifier les paramètres de connexion.
[28-Sep-2025 13:57:56 America/Toronto] Fichier: C:\xampp\htdocs\dashboard\PHP2\MVC_Composer\MVC_Composer\MVC_Composer\config\db.php, Ligne: 91
[28-Sep-2025 13:57:58 America/Toronto] Erreur de connexion à la base de données: SQLSTATE[HY000] [1049] Unknown database 'cour343' (Code: 1049)
[28-Sep-2025 13:57:58 America/Toronto] Tentative de connexion échouée à root@127.0.0.1 sur la base cour343
[28-Sep-2025 13:57:58 America/Toronto] ERREUR de connexion: Impossible de se connecter à la base de données. Veuillez vérifier les paramètres de connexion.
[28-Sep-2025 13:57:58 America/Toronto] Tentative de connexion à la base de données...
[28-Sep-2025 13:57:58 America/Toronto] Erreur de connexion à la base de données: SQLSTATE[HY000] [1049] Unknown database 'cour343' (Code: 1049)
[28-Sep-2025 13:57:58 America/Toronto] Tentative de connexion échouée à root@127.0.0.1 sur la base cour343
[28-Sep-2025 13:57:58 America/Toronto] ERREUR de connexion à la base de données: Impossible de se connecter à la base de données. Veuillez vérifier les paramètres de connexion.
[28-Sep-2025 13:57:58 America/Toronto] Fichier: C:\xampp\htdocs\dashboard\PHP2\MVC_Composer\MVC_Composer\MVC_Composer\config\db.php, Ligne: 91
[28-Sep-2025 14:04:42 America/Toronto] Erreur de connexion à la base de données: SQLSTATE[HY000] [1049] Unknown database 'cour343' (Code: 1049)
[28-Sep-2025 14:04:42 America/Toronto] Tentative de connexion échouée à root@127.0.0.1 sur la base cour343
[28-Sep-2025 14:04:42 America/Toronto] ERREUR de connexion: Impossible de se connecter à la base de données. Veuillez vérifier les paramètres de connexion.
[28-Sep-2025 14:04:42 America/Toronto] Tentative de connexion à la base de données...
[28-Sep-2025 14:04:42 America/Toronto] Erreur de connexion à la base de données: SQLSTATE[HY000] [1049] Unknown database 'cour343' (Code: 1049)
[28-Sep-2025 14:04:42 America/Toronto] Tentative de connexion échouée à root@127.0.0.1 sur la base cour343
[28-Sep-2025 14:04:42 America/Toronto] ERREUR de connexion à la base de données: Impossible de se connecter à la base de données. Veuillez vérifier les paramètres de connexion.
[28-Sep-2025 14:04:42 America/Toronto] Fichier: C:\xampp\htdocs\dashboard\PHP2\MVC_Composer\MVC_Composer\MVC_Composer\config\db.php, Ligne: 91
[28-Sep-2025 14:04:46 America/Toronto] Erreur de connexion à la base de données: SQLSTATE[HY000] [1049] Unknown database 'cour343' (Code: 1049)
[28-Sep-2025 14:04:46 America/Toronto] Tentative de connexion échouée à root@127.0.0.1 sur la base cour343
[28-Sep-2025 14:04:46 America/Toronto] ERREUR de connexion: Impossible de se connecter à la base de données. Veuillez vérifier les paramètres de connexion.
[28-Sep-2025 14:04:46 America/Toronto] Tentative de connexion à la base de données...
[28-Sep-2025 14:04:46 America/Toronto] Erreur de connexion à la base de données: SQLSTATE[HY000] [1049] Unknown database 'cour343' (Code: 1049)
[28-Sep-2025 14:04:46 America/Toronto] Tentative de connexion échouée à root@127.0.0.1 sur la base cour343
[28-Sep-2025 14:04:46 America/Toronto] ERREUR de connexion à la base de données: Impossible de se connecter à la base de données. Veuillez vérifier les paramètres de connexion.
[28-Sep-2025 14:04:46 America/Toronto] Fichier: C:\xampp\htdocs\dashboard\PHP2\MVC_Composer\MVC_Composer\MVC_Composer\config\db.php, Ligne: 91
[28-Sep-2025 14:05:23 America/Toronto] Erreur de connexion à la base de données: SQLSTATE[HY000] [1049] Unknown database 'cour343' (Code: 1049)
[28-Sep-2025 14:05:23 America/Toronto] Tentative de connexion échouée à root@127.0.0.1 sur la base cour343
[28-Sep-2025 14:05:23 America/Toronto] ERREUR de connexion: Impossible de se connecter à la base de données. Veuillez vérifier les paramètres de connexion.
[28-Sep-2025 14:05:23 America/Toronto] Tentative de connexion à la base de données...
[28-Sep-2025 14:05:23 America/Toronto] Erreur de connexion à la base de données: SQLSTATE[HY000] [1049] Unknown database 'cour343' (Code: 1049)
[28-Sep-2025 14:05:23 America/Toronto] Tentative de connexion échouée à root@127.0.0.1 sur la base cour343
[28-Sep-2025 14:05:23 America/Toronto] ERREUR de connexion à la base de données: Impossible de se connecter à la base de données. Veuillez vérifier les paramètres de connexion.
[28-Sep-2025 14:05:23 America/Toronto] Fichier: C:\xampp\htdocs\dashboard\PHP2\MVC_Composer\MVC_Composer\MVC_Composer\config\db.php, Ligne: 91
[28-Sep-2025 14:07:04 America/Toronto] Erreur de connexion à la base de données: SQLSTATE[HY000] [1049] Unknown database 'cour343' (Code: 1049)
[28-Sep-2025 14:07:04 America/Toronto] Tentative de connexion échouée à root@127.0.0.1 sur la base cour343
[28-Sep-2025 14:07:04 America/Toronto] ERREUR de connexion: Impossible de se connecter à la base de données. Veuillez vérifier les paramètres de connexion.
[28-Sep-2025 14:07:04 America/Toronto] Tentative de connexion à la base de données...
[28-Sep-2025 14:07:04 America/Toronto] Erreur de connexion à la base de données: SQLSTATE[HY000] [1049] Unknown database 'cour343' (Code: 1049)
[28-Sep-2025 14:07:04 America/Toronto] Tentative de connexion échouée à root@127.0.0.1 sur la base cour343
[28-Sep-2025 14:07:04 America/Toronto] ERREUR de connexion à la base de données: Impossible de se connecter à la base de données. Veuillez vérifier les paramètres de connexion.
[28-Sep-2025 14:07:04 America/Toronto] Fichier: C:\xampp\htdocs\dashboard\PHP2\MVC_Composer\MVC_Composer\MVC_Composer\config\db.php, Ligne: 91
[28-Sep-2025 18:11:01 UTC] Erreur de connexion à la base de données: SQLSTATE[HY000] [1049] Unknown database 'cour343' (Code: 1049)
[28-Sep-2025 18:11:01 UTC] Tentative de connexion échouée à root@127.0.0.1 sur la base cour343
[28-Sep-2025 18:12:17 UTC] Connexion réussie en 0.0084 secondes
[28-Sep-2025 14:16:22 America/Toronto] Connexion réussie en 0.0029 secondes
[28-Sep-2025 14:16:22 America/Toronto] Test de connexion: Connexion à la base de données réussie
[28-Sep-2025 14:16:22 America/Toronto] PHP Warning:  require(../vendor/autoload.php): Failed to open stream: No such file or directory in C:\xampp\htdocs\dashboard\PHP2\MVC_Composer\MVC_Composer\MVC_Composer\public\index.php on line 31
[28-Sep-2025 14:16:22 America/Toronto] PHP Fatal error:  Uncaught Error: Failed opening required '../vendor/autoload.php' (include_path='.;C:\php\pear') in C:\xampp\htdocs\dashboard\PHP2\MVC_Composer\MVC_Composer\MVC_Composer\public\index.php:31
Stack trace:
#0 {main}
  thrown in C:\xampp\htdocs\dashboard\PHP2\MVC_Composer\MVC_Composer\MVC_Composer\public\index.php on line 31
[28-Sep-2025 14:16:48 America/Toronto] Connexion réussie en 0.0043 secondes
[28-Sep-2025 14:16:48 America/Toronto] Test de connexion: Connexion à la base de données réussie
[28-Sep-2025 14:16:48 America/Toronto] PHP Warning:  require(../vendor/autoload.php): Failed to open stream: No such file or directory in C:\xampp\htdocs\dashboard\PHP2\MVC_Composer\MVC_Composer\MVC_Composer\public\index.php on line 31
[28-Sep-2025 14:16:48 America/Toronto] PHP Fatal error:  Uncaught Error: Failed opening required '../vendor/autoload.php' (include_path='.;C:\php\pear') in C:\xampp\htdocs\dashboard\PHP2\MVC_Composer\MVC_Composer\MVC_Composer\public\index.php:31
Stack trace:
#0 {main}
  thrown in C:\xampp\htdocs\dashboard\PHP2\MVC_Composer\MVC_Composer\MVC_Composer\public\index.php on line 31
[28-Sep-2025 14:16:50 America/Toronto] Connexion réussie en 0.0029 secondes
[28-Sep-2025 14:16:50 America/Toronto] Test de connexion: Connexion à la base de données réussie
[28-Sep-2025 14:16:50 America/Toronto] PHP Warning:  require(../vendor/autoload.php): Failed to open stream: No such file or directory in C:\xampp\htdocs\dashboard\PHP2\MVC_Composer\MVC_Composer\MVC_Composer\public\index.php on line 31
[28-Sep-2025 14:16:50 America/Toronto] PHP Fatal error:  Uncaught Error: Failed opening required '../vendor/autoload.php' (include_path='.;C:\php\pear') in C:\xampp\htdocs\dashboard\PHP2\MVC_Composer\MVC_Composer\MVC_Composer\public\index.php:31
Stack trace:
#0 {main}
  thrown in C:\xampp\htdocs\dashboard\PHP2\MVC_Composer\MVC_Composer\MVC_Composer\public\index.php on line 31
[28-Sep-2025 14:17:27 America/Toronto] Connexion réussie en 0.0030 secondes
[28-Sep-2025 14:17:27 America/Toronto] Test de connexion: Connexion à la base de données réussie
[28-Sep-2025 14:17:27 America/Toronto] PHP Warning:  require(../vendor/autoload.php): Failed to open stream: No such file or directory in C:\xampp\htdocs\dashboard\PHP2\MVC_Composer\MVC_Composer\MVC_Composer\public\index.php on line 31
[28-Sep-2025 14:17:27 America/Toronto] PHP Fatal error:  Uncaught Error: Failed opening required '../vendor/autoload.php' (include_path='.;C:\php\pear') in C:\xampp\htdocs\dashboard\PHP2\MVC_Composer\MVC_Composer\MVC_Composer\public\index.php:31
Stack trace:
#0 {main}
  thrown in C:\xampp\htdocs\dashboard\PHP2\MVC_Composer\MVC_Composer\MVC_Composer\public\index.php on line 31
[28-Sep-2025 14:17:33 America/Toronto] Connexion réussie en 0.0045 secondes
[28-Sep-2025 14:17:33 America/Toronto] Test de connexion: Connexion à la base de données réussie
[28-Sep-2025 14:17:33 America/Toronto] PHP Warning:  require(../vendor/autoload.php): Failed to open stream: No such file or directory in C:\xampp\htdocs\dashboard\PHP2\MVC_Composer\MVC_Composer\MVC_Composer\public\index.php on line 31
[28-Sep-2025 14:17:33 America/Toronto] PHP Fatal error:  Uncaught Error: Failed opening required '../vendor/autoload.php' (include_path='.;C:\php\pear') in C:\xampp\htdocs\dashboard\PHP2\MVC_Composer\MVC_Composer\MVC_Composer\public\index.php:31
Stack trace:
#0 {main}
  thrown in C:\xampp\htdocs\dashboard\PHP2\MVC_Composer\MVC_Composer\MVC_Composer\public\index.php on line 31
[28-Sep-2025 14:17:39 America/Toronto] Connexion réussie en 0.0049 secondes
[28-Sep-2025 14:17:39 America/Toronto] Test de connexion: Connexion à la base de données réussie
[28-Sep-2025 14:17:39 America/Toronto] PHP Warning:  require(../vendor/autoload.php): Failed to open stream: No such file or directory in C:\xampp\htdocs\dashboard\PHP2\MVC_Composer\MVC_Composer\MVC_Composer\public\index.php on line 31
[28-Sep-2025 14:17:39 America/Toronto] PHP Fatal error:  Uncaught Error: Failed opening required '../vendor/autoload.php' (include_path='.;C:\php\pear') in C:\xampp\htdocs\dashboard\PHP2\MVC_Composer\MVC_Composer\MVC_Composer\public\index.php:31
Stack trace:
#0 {main}
  thrown in C:\xampp\htdocs\dashboard\PHP2\MVC_Composer\MVC_Composer\MVC_Composer\public\index.php on line 31
[28-Sep-2025 14:17:47 America/Toronto] Connexion réussie en 0.0286 secondes
[28-Sep-2025 14:17:47 America/Toronto] Test de connexion: Connexion à la base de données réussie
[28-Sep-2025 14:17:47 America/Toronto] PHP Warning:  require(../vendor/autoload.php): Failed to open stream: No such file or directory in C:\xampp\htdocs\dashboard\PHP2\MVC_Composer\MVC_Composer\MVC_Composer\public\index.php on line 31
[28-Sep-2025 14:17:47 America/Toronto] PHP Fatal error:  Uncaught Error: Failed opening required '../vendor/autoload.php' (include_path='.;C:\php\pear') in C:\xampp\htdocs\dashboard\PHP2\MVC_Composer\MVC_Composer\MVC_Composer\public\index.php:31
Stack trace:
#0 {main}
  thrown in C:\xampp\htdocs\dashboard\PHP2\MVC_Composer\MVC_Composer\MVC_Composer\public\index.php on line 31
[28-Sep-2025 14:17:55 America/Toronto] Connexion réussie en 0.0036 secondes
[28-Sep-2025 14:17:55 America/Toronto] Test de connexion: Connexion à la base de données réussie
[28-Sep-2025 14:17:55 America/Toronto] PHP Warning:  require(../vendor/autoload.php): Failed to open stream: No such file or directory in C:\xampp\htdocs\dashboard\PHP2\MVC_Composer\MVC_Composer\MVC_Composer\public\index.php on line 31
[28-Sep-2025 14:17:55 America/Toronto] PHP Fatal error:  Uncaught Error: Failed opening required '../vendor/autoload.php' (include_path='.;C:\php\pear') in C:\xampp\htdocs\dashboard\PHP2\MVC_Composer\MVC_Composer\MVC_Composer\public\index.php:31
Stack trace:
#0 {main}
  thrown in C:\xampp\htdocs\dashboard\PHP2\MVC_Composer\MVC_Composer\MVC_Composer\public\index.php on line 31
[28-Sep-2025 14:17:55 America/Toronto] Connexion réussie en 0.0027 secondes
[28-Sep-2025 14:17:55 America/Toronto] Test de connexion: Connexion à la base de données réussie
[28-Sep-2025 14:17:55 America/Toronto] PHP Warning:  require(../vendor/autoload.php): Failed to open stream: No such file or directory in C:\xampp\htdocs\dashboard\PHP2\MVC_Composer\MVC_Composer\MVC_Composer\public\index.php on line 31
[28-Sep-2025 14:17:55 America/Toronto] PHP Fatal error:  Uncaught Error: Failed opening required '../vendor/autoload.php' (include_path='.;C:\php\pear') in C:\xampp\htdocs\dashboard\PHP2\MVC_Composer\MVC_Composer\MVC_Composer\public\index.php:31
Stack trace:
#0 {main}
  thrown in C:\xampp\htdocs\dashboard\PHP2\MVC_Composer\MVC_Composer\MVC_Composer\public\index.php on line 31
[28-Sep-2025 14:17:55 America/Toronto] Connexion réussie en 0.0030 secondes
[28-Sep-2025 14:17:55 America/Toronto] Test de connexion: Connexion à la base de données réussie
[28-Sep-2025 14:17:55 America/Toronto] PHP Warning:  require(../vendor/autoload.php): Failed to open stream: No such file or directory in C:\xampp\htdocs\dashboard\PHP2\MVC_Composer\MVC_Composer\MVC_Composer\public\index.php on line 31
[28-Sep-2025 14:17:55 America/Toronto] PHP Fatal error:  Uncaught Error: Failed opening required '../vendor/autoload.php' (include_path='.;C:\php\pear') in C:\xampp\htdocs\dashboard\PHP2\MVC_Composer\MVC_Composer\MVC_Composer\public\index.php:31
Stack trace:
#0 {main}
  thrown in C:\xampp\htdocs\dashboard\PHP2\MVC_Composer\MVC_Composer\MVC_Composer\public\index.php on line 31
[28-Sep-2025 14:18:01 America/Toronto] Connexion réussie en 0.0052 secondes
[28-Sep-2025 14:18:01 America/Toronto] Test de connexion: Connexion à la base de données réussie
[28-Sep-2025 14:18:01 America/Toronto] PHP Warning:  require(../vendor/autoload.php): Failed to open stream: No such file or directory in C:\xampp\htdocs\dashboard\PHP2\MVC_Composer\MVC_Composer\MVC_Composer\public\index.php on line 31
[28-Sep-2025 14:18:01 America/Toronto] PHP Fatal error:  Uncaught Error: Failed opening required '../vendor/autoload.php' (include_path='.;C:\php\pear') in C:\xampp\htdocs\dashboard\PHP2\MVC_Composer\MVC_Composer\MVC_Composer\public\index.php:31
Stack trace:
#0 {main}
  thrown in C:\xampp\htdocs\dashboard\PHP2\MVC_Composer\MVC_Composer\MVC_Composer\public\index.php on line 31
[28-Sep-2025 14:18:44 America/Toronto] Connexion réussie en 0.0034 secondes
[28-Sep-2025 14:18:44 America/Toronto] Test de connexion: Connexion à la base de données réussie
[28-Sep-2025 14:18:44 America/Toronto] PHP Warning:  require(../vendor/autoload.php): Failed to open stream: No such file or directory in C:\xampp\htdocs\dashboard\PHP2\MVC_Composer\MVC_Composer\MVC_Composer\public\index.php on line 31
[28-Sep-2025 14:18:44 America/Toronto] PHP Fatal error:  Uncaught Error: Failed opening required '../vendor/autoload.php' (include_path='.;C:\php\pear') in C:\xampp\htdocs\dashboard\PHP2\MVC_Composer\MVC_Composer\MVC_Composer\public\index.php:31
Stack trace:
#0 {main}
  thrown in C:\xampp\htdocs\dashboard\PHP2\MVC_Composer\MVC_Composer\MVC_Composer\public\index.php on line 31
[28-Sep-2025 18:25:35 UTC] Connexion réussie en 0.0052 secondes
[28-Sep-2025 18:25:35 UTC] Connexion réussie en 0.0021 secondes
[28-Sep-2025 14:27:48 America/Toronto] Connexion réussie en 0.0044 secondes
[28-Sep-2025 14:27:48 America/Toronto] Test de connexion: Connexion à la base de données réussie
[28-Sep-2025 14:27:49 America/Toronto] Tentative de connexion à la base de données...
[28-Sep-2025 14:27:49 America/Toronto] Type de pdo: object
[28-Sep-2025 14:27:49 America/Toronto] Classe de pdo: PDO
[28-Sep-2025 14:27:49 America/Toronto] Test de la connexion PDO...
[28-Sep-2025 14:27:49 America/Toronto] Connexion PDO établie avec succès
[28-Sep-2025 14:27:49 America/Toronto] [2025-09-28 14:27:49] Erreur [500]: Aucune route correspondante trouvée pour /dashboard/PHP2/MVC_Composer/MVC_Composer/MVC_Composer/public/ dans C:\xampp\htdocs\dashboard\PHP2\MVC_Composer\MVC_Composer\MVC_Composer\public\index.php à la ligne 299 | ID: error_68d97e25d62684.54370752
[28-Sep-2025 14:27:49 America/Toronto] Stack trace: #0 {main}
[28-Sep-2025 14:28:35 America/Toronto] Connexion réussie en 0.0038 secondes
[28-Sep-2025 14:28:35 America/Toronto] Test de connexion: Connexion à la base de données réussie
[28-Sep-2025 14:28:35 America/Toronto] Tentative de connexion à la base de données...
[28-Sep-2025 14:28:35 America/Toronto] Type de pdo: object
[28-Sep-2025 14:28:35 America/Toronto] Classe de pdo: PDO
[28-Sep-2025 14:28:35 America/Toronto] Test de la connexion PDO...
[28-Sep-2025 14:28:35 America/Toronto] Connexion PDO établie avec succès
[28-Sep-2025 14:29:36 America/Toronto] Connexion réussie en 0.0078 secondes
[28-Sep-2025 14:29:36 America/Toronto] Test de connexion: Connexion à la base de données réussie
[28-Sep-2025 14:29:36 America/Toronto] Tentative de connexion à la base de données...
[28-Sep-2025 14:29:36 America/Toronto] Type de pdo: object
[28-Sep-2025 14:29:36 America/Toronto] Classe de pdo: PDO
[28-Sep-2025 14:29:36 America/Toronto] Test de la connexion PDO...
[28-Sep-2025 14:29:36 America/Toronto] Connexion PDO établie avec succès
[28-Sep-2025 18:29:46 UTC] Connexion réussie en 0.0058 secondes
[28-Sep-2025 18:29:51 UTC] Connexion réussie en 0.0022 secondes
[28-Sep-2025 18:30:06 UTC] Connexion réussie en 0.0188 secondes
[28-Sep-2025 18:30:08 UTC] Connexion réussie en 0.0070 secondes
[28-Sep-2025 18:30:12 UTC] Connexion réussie en 0.0031 secondes
[28-Sep-2025 14:35:30 America/Toronto] Connexion réussie en 0.0077 secondes
[28-Sep-2025 14:35:30 America/Toronto] Test de connexion: Connexion à la base de données réussie
[28-Sep-2025 14:35:31 America/Toronto] Tentative de connexion à la base de données...
[28-Sep-2025 14:35:31 America/Toronto] Type de pdo: object
[28-Sep-2025 14:35:31 America/Toronto] Classe de pdo: PDO
[28-Sep-2025 14:35:31 America/Toronto] Test de la connexion PDO...
[28-Sep-2025 14:35:31 America/Toronto] Connexion PDO établie avec succès
[28-Sep-2025 14:35:31 America/Toronto] PHP Warning:  require(static/header.php): Failed to open stream: No such file or directory in C:\xampp\htdocs\dashboard\PHP2\MVC_Composer\MVC_Composer\MVC_Composer\public\index.php on line 195
[28-Sep-2025 14:35:31 America/Toronto] PHP Fatal error:  Uncaught Error: Failed opening required 'static/header.php' (include_path='.;C:\php\pear') in C:\xampp\htdocs\dashboard\PHP2\MVC_Composer\MVC_Composer\MVC_Composer\public\index.php:195
Stack trace:
#0 {main}
  thrown in C:\xampp\htdocs\dashboard\PHP2\MVC_Composer\MVC_Composer\MVC_Composer\public\index.php on line 195
[28-Sep-2025 14:36:54 America/Toronto] Connexion réussie en 0.0022 secondes
[28-Sep-2025 14:36:54 America/Toronto] Test de connexion: Connexion à la base de données réussie
[28-Sep-2025 14:36:55 America/Toronto] Tentative de connexion à la base de données...
[28-Sep-2025 14:36:55 America/Toronto] Type de pdo: object
[28-Sep-2025 14:36:55 America/Toronto] Classe de pdo: PDO
[28-Sep-2025 14:36:55 America/Toronto] Test de la connexion PDO...
[28-Sep-2025 14:36:55 America/Toronto] Connexion PDO établie avec succès
[28-Sep-2025 14:36:55 America/Toronto] PHP Warning:  Undefined variable $router in C:\xampp\htdocs\dashboard\PHP2\MVC_Composer\MVC_Composer\MVC_Composer\static\header.php on line 30
[28-Sep-2025 14:36:55 America/Toronto] PHP Fatal error:  Uncaught Error: Call to a member function generate() on null in C:\xampp\htdocs\dashboard\PHP2\MVC_Composer\MVC_Composer\MVC_Composer\static\header.php:30
Stack trace:
#0 C:\xampp\htdocs\dashboard\PHP2\MVC_Composer\MVC_Composer\MVC_Composer\public\index.php(11): require()
#1 C:\xampp\htdocs\dashboard\PHP2\MVC_Composer\MVC_Composer\MVC_Composer\public\index.php(204): includeFromRoot('static/header.p...')
#2 {main}
  thrown in C:\xampp\htdocs\dashboard\PHP2\MVC_Composer\MVC_Composer\MVC_Composer\static\header.php on line 30
[28-Sep-2025 14:37:01 America/Toronto] Connexion réussie en 0.0051 secondes
[28-Sep-2025 14:37:01 America/Toronto] Test de connexion: Connexion à la base de données réussie
[28-Sep-2025 14:37:01 America/Toronto] Tentative de connexion à la base de données...
[28-Sep-2025 14:37:01 America/Toronto] Type de pdo: object
[28-Sep-2025 14:37:01 America/Toronto] Classe de pdo: PDO
[28-Sep-2025 14:37:01 America/Toronto] Test de la connexion PDO...
[28-Sep-2025 14:37:01 America/Toronto] Connexion PDO établie avec succès
[28-Sep-2025 14:37:01 America/Toronto] PHP Warning:  Undefined variable $router in C:\xampp\htdocs\dashboard\PHP2\MVC_Composer\MVC_Composer\MVC_Composer\static\header.php on line 30
[28-Sep-2025 14:37:01 America/Toronto] PHP Fatal error:  Uncaught Error: Call to a member function generate() on null in C:\xampp\htdocs\dashboard\PHP2\MVC_Composer\MVC_Composer\MVC_Composer\static\header.php:30
Stack trace:
#0 C:\xampp\htdocs\dashboard\PHP2\MVC_Composer\MVC_Composer\MVC_Composer\public\index.php(11): require()
#1 C:\xampp\htdocs\dashboard\PHP2\MVC_Composer\MVC_Composer\MVC_Composer\public\index.php(204): includeFromRoot('static/header.p...')
#2 {main}
  thrown in C:\xampp\htdocs\dashboard\PHP2\MVC_Composer\MVC_Composer\MVC_Composer\static\header.php on line 30
[28-Sep-2025 14:37:06 America/Toronto] Connexion réussie en 0.0036 secondes
[28-Sep-2025 14:37:06 America/Toronto] Test de connexion: Connexion à la base de données réussie
[28-Sep-2025 14:37:06 America/Toronto] Tentative de connexion à la base de données...
[28-Sep-2025 14:37:06 America/Toronto] Type de pdo: object
[28-Sep-2025 14:37:06 America/Toronto] Classe de pdo: PDO
[28-Sep-2025 14:37:06 America/Toronto] Test de la connexion PDO...
[28-Sep-2025 14:37:06 America/Toronto] Connexion PDO établie avec succès
[28-Sep-2025 14:37:06 America/Toronto] PHP Warning:  Undefined variable $router in C:\xampp\htdocs\dashboard\PHP2\MVC_Composer\MVC_Composer\MVC_Composer\static\header.php on line 30
[28-Sep-2025 14:37:06 America/Toronto] PHP Fatal error:  Uncaught Error: Call to a member function generate() on null in C:\xampp\htdocs\dashboard\PHP2\MVC_Composer\MVC_Composer\MVC_Composer\static\header.php:30
Stack trace:
#0 C:\xampp\htdocs\dashboard\PHP2\MVC_Composer\MVC_Composer\MVC_Composer\public\index.php(11): require()
#1 C:\xampp\htdocs\dashboard\PHP2\MVC_Composer\MVC_Composer\MVC_Composer\public\index.php(204): includeFromRoot('static/header.p...')
#2 {main}
  thrown in C:\xampp\htdocs\dashboard\PHP2\MVC_Composer\MVC_Composer\MVC_Composer\static\header.php on line 30
[28-Sep-2025 14:37:19 America/Toronto] Connexion réussie en 0.0026 secondes
[28-Sep-2025 14:37:19 America/Toronto] Test de connexion: Connexion à la base de données réussie
[28-Sep-2025 14:37:19 America/Toronto] Tentative de connexion à la base de données...
[28-Sep-2025 14:37:19 America/Toronto] Type de pdo: object
[28-Sep-2025 14:37:19 America/Toronto] Classe de pdo: PDO
[28-Sep-2025 14:37:19 America/Toronto] Test de la connexion PDO...
[28-Sep-2025 14:37:19 America/Toronto] Connexion PDO établie avec succès
[28-Sep-2025 14:37:19 America/Toronto] PHP Warning:  Undefined variable $router in C:\xampp\htdocs\dashboard\PHP2\MVC_Composer\MVC_Composer\MVC_Composer\static\header.php on line 30
[28-Sep-2025 14:37:19 America/Toronto] PHP Fatal error:  Uncaught Error: Call to a member function generate() on null in C:\xampp\htdocs\dashboard\PHP2\MVC_Composer\MVC_Composer\MVC_Composer\static\header.php:30
Stack trace:
#0 C:\xampp\htdocs\dashboard\PHP2\MVC_Composer\MVC_Composer\MVC_Composer\public\index.php(11): require()
#1 C:\xampp\htdocs\dashboard\PHP2\MVC_Composer\MVC_Composer\MVC_Composer\public\index.php(204): includeFromRoot('static/header.p...')
#2 {main}
  thrown in C:\xampp\htdocs\dashboard\PHP2\MVC_Composer\MVC_Composer\MVC_Composer\static\header.php on line 30
[28-Sep-2025 14:37:39 America/Toronto] Connexion réussie en 0.0061 secondes
[28-Sep-2025 14:37:39 America/Toronto] Test de connexion: Connexion à la base de données réussie
[28-Sep-2025 14:37:39 America/Toronto] Tentative de connexion à la base de données...
[28-Sep-2025 14:37:39 America/Toronto] Type de pdo: object
[28-Sep-2025 14:37:39 America/Toronto] Classe de pdo: PDO
[28-Sep-2025 14:37:39 America/Toronto] Test de la connexion PDO...
[28-Sep-2025 14:37:39 America/Toronto] Connexion PDO établie avec succès
[28-Sep-2025 14:37:40 America/Toronto] PHP Warning:  Undefined variable $router in C:\xampp\htdocs\dashboard\PHP2\MVC_Composer\MVC_Composer\MVC_Composer\static\header.php on line 30
[28-Sep-2025 14:37:40 America/Toronto] PHP Fatal error:  Uncaught Error: Call to a member function generate() on null in C:\xampp\htdocs\dashboard\PHP2\MVC_Composer\MVC_Composer\MVC_Composer\static\header.php:30
Stack trace:
#0 C:\xampp\htdocs\dashboard\PHP2\MVC_Composer\MVC_Composer\MVC_Composer\public\index.php(11): require()
#1 C:\xampp\htdocs\dashboard\PHP2\MVC_Composer\MVC_Composer\MVC_Composer\public\index.php(204): includeFromRoot('static/header.p...')
#2 {main}
  thrown in C:\xampp\htdocs\dashboard\PHP2\MVC_Composer\MVC_Composer\MVC_Composer\static\header.php on line 30
[28-Sep-2025 14:50:35 America/Toronto] Connexion réussie en 0.0026 secondes
[28-Sep-2025 14:50:35 America/Toronto] Test de connexion: Connexion à la base de données réussie
[28-Sep-2025 14:50:35 America/Toronto] PHP Fatal error:  Uncaught Error: Call to a member function generate() on null in C:\xampp\htdocs\dashboard\PHP2\MVC_Composer\MVC_Composer\MVC_Composer\static\header.php:36
Stack trace:
#0 C:\xampp\htdocs\dashboard\PHP2\MVC_Composer\MVC_Composer\MVC_Composer\public\index.php(11): require()
#1 C:\xampp\htdocs\dashboard\PHP2\MVC_Composer\MVC_Composer\MVC_Composer\public\index.php(97): includeFromRoot('static/header.p...')
#2 {main}
  thrown in C:\xampp\htdocs\dashboard\PHP2\MVC_Composer\MVC_Composer\MVC_Composer\static\header.php on line 36
[28-Sep-2025 14:54:07 America/Toronto] Connexion réussie en 0.0021 secondes
[28-Sep-2025 14:54:07 America/Toronto] Test de connexion: Connexion à la base de données réussie
[28-Sep-2025 14:54:07 America/Toronto] PHP Fatal error:  Uncaught Error: Call to a member function generate() on null in C:\xampp\htdocs\dashboard\PHP2\MVC_Composer\MVC_Composer\MVC_Composer\static\header.php:36
Stack trace:
#0 C:\xampp\htdocs\dashboard\PHP2\MVC_Composer\MVC_Composer\MVC_Composer\public\index.php(11): require()
#1 C:\xampp\htdocs\dashboard\PHP2\MVC_Composer\MVC_Composer\MVC_Composer\public\index.php(97): includeFromRoot('static/header.p...')
#2 {main}
  thrown in C:\xampp\htdocs\dashboard\PHP2\MVC_Composer\MVC_Composer\MVC_Composer\static\header.php on line 36
[28-Sep-2025 14:54:10 America/Toronto] Connexion réussie en 0.0257 secondes
[28-Sep-2025 14:54:10 America/Toronto] Test de connexion: Connexion à la base de données réussie
[28-Sep-2025 14:54:10 America/Toronto] PHP Fatal error:  Uncaught Error: Call to a member function generate() on null in C:\xampp\htdocs\dashboard\PHP2\MVC_Composer\MVC_Composer\MVC_Composer\static\header.php:36
Stack trace:
#0 C:\xampp\htdocs\dashboard\PHP2\MVC_Composer\MVC_Composer\MVC_Composer\public\index.php(11): require()
#1 C:\xampp\htdocs\dashboard\PHP2\MVC_Composer\MVC_Composer\MVC_Composer\public\index.php(97): includeFromRoot('static/header.p...')
#2 {main}
  thrown in C:\xampp\htdocs\dashboard\PHP2\MVC_Composer\MVC_Composer\MVC_Composer\static\header.php on line 36
[28-Sep-2025 14:54:51 America/Toronto] Connexion réussie en 0.0231 secondes
[28-Sep-2025 14:54:51 America/Toronto] Test de connexion: Connexion à la base de données réussie
[28-Sep-2025 14:54:51 America/Toronto] PHP Fatal error:  Uncaught Error: Call to a member function generate() on null in C:\xampp\htdocs\dashboard\PHP2\MVC_Composer\MVC_Composer\MVC_Composer\static\header.php:45
Stack trace:
#0 C:\xampp\htdocs\dashboard\PHP2\MVC_Composer\MVC_Composer\MVC_Composer\public\index.php(11): require()
#1 C:\xampp\htdocs\dashboard\PHP2\MVC_Composer\MVC_Composer\MVC_Composer\public\index.php(97): includeFromRoot('static/header.p...')
#2 {main}
  thrown in C:\xampp\htdocs\dashboard\PHP2\MVC_Composer\MVC_Composer\MVC_Composer\static\header.php on line 45
[28-Sep-2025 14:54:55 America/Toronto] Connexion réussie en 0.0215 secondes
[28-Sep-2025 14:54:55 America/Toronto] Test de connexion: Connexion à la base de données réussie
[28-Sep-2025 14:54:55 America/Toronto] PHP Fatal error:  Uncaught Error: Call to a member function generate() on null in C:\xampp\htdocs\dashboard\PHP2\MVC_Composer\MVC_Composer\MVC_Composer\static\header.php:45
Stack trace:
#0 C:\xampp\htdocs\dashboard\PHP2\MVC_Composer\MVC_Composer\MVC_Composer\public\index.php(11): require()
#1 C:\xampp\htdocs\dashboard\PHP2\MVC_Composer\MVC_Composer\MVC_Composer\public\index.php(97): includeFromRoot('static/header.p...')
#2 {main}
  thrown in C:\xampp\htdocs\dashboard\PHP2\MVC_Composer\MVC_Composer\MVC_Composer\static\header.php on line 45
[28-Sep-2025 14:56:41 America/Toronto] Connexion réussie en 0.0201 secondes
[28-Sep-2025 14:56:41 America/Toronto] {
    "type": "Error",
    "code": 2,
    "message": "Undefined variable $router",
    "file": "C:\\xampp\\htdocs\\dashboard\\PHP2\\MVC_Composer\\MVC_Composer\\MVC_Composer\\static\\header.php",
    "line": 45,
    "time": "2025-09-28 14:56:41"
}
[28-Sep-2025 14:56:41 America/Toronto] {
    "type": "Exception",
    "class": "Error",
    "code": 0,
    "message": "Call to a member function generate() on null",
    "file": "C:\\xampp\\htdocs\\dashboard\\PHP2\\MVC_Composer\\MVC_Composer\\MVC_Composer\\static\\header.php",
    "line": 45,
    "trace": "#0 C:\\xampp\\htdocs\\dashboard\\PHP2\\MVC_Composer\\MVC_Composer\\MVC_Composer\\public\\index.php(16): require()\n#1 C:\\xampp\\htdocs\\dashboard\\PHP2\\MVC_Composer\\MVC_Composer\\MVC_Composer\\public\\index.php(186): includeFromRoot('static\/header.p...')\n#2 {main}",
    "time": "2025-09-28 14:56:41"
}
[28-Sep-2025 14:56:43 America/Toronto] Connexion réussie en 0.0160 secondes
[28-Sep-2025 14:56:43 America/Toronto] {
    "type": "Error",
    "code": 2,
    "message": "Undefined variable $router",
    "file": "C:\\xampp\\htdocs\\dashboard\\PHP2\\MVC_Composer\\MVC_Composer\\MVC_Composer\\static\\header.php",
    "line": 45,
    "time": "2025-09-28 14:56:43"
}
[28-Sep-2025 14:56:43 America/Toronto] {
    "type": "Exception",
    "class": "Error",
    "code": 0,
    "message": "Call to a member function generate() on null",
    "file": "C:\\xampp\\htdocs\\dashboard\\PHP2\\MVC_Composer\\MVC_Composer\\MVC_Composer\\static\\header.php",
    "line": 45,
    "trace": "#0 C:\\xampp\\htdocs\\dashboard\\PHP2\\MVC_Composer\\MVC_Composer\\MVC_Composer\\public\\index.php(16): require()\n#1 C:\\xampp\\htdocs\\dashboard\\PHP2\\MVC_Composer\\MVC_Composer\\MVC_Composer\\public\\index.php(186): includeFromRoot('static\/header.p...')\n#2 {main}",
    "time": "2025-09-28 14:56:43"
}
[28-Sep-2025 14:57:39 America/Toronto] Connexion réussie en 0.0209 secondes
[28-Sep-2025 14:57:39 America/Toronto] {
    "type": "Error",
    "code": 2,
    "message": "Undefined variable $router",
    "file": "C:\\xampp\\htdocs\\dashboard\\PHP2\\MVC_Composer\\MVC_Composer\\MVC_Composer\\static\\header.php",
    "line": 45,
    "time": "2025-09-28 14:57:39"
}
[28-Sep-2025 14:57:39 America/Toronto] {
    "type": "Exception",
    "class": "Error",
    "code": 0,
    "message": "Call to a member function generate() on null",
    "file": "C:\\xampp\\htdocs\\dashboard\\PHP2\\MVC_Composer\\MVC_Composer\\MVC_Composer\\static\\header.php",
    "line": 45,
    "trace": "#0 C:\\xampp\\htdocs\\dashboard\\PHP2\\MVC_Composer\\MVC_Composer\\MVC_Composer\\public\\index.php(16): require()\n#1 C:\\xampp\\htdocs\\dashboard\\PHP2\\MVC_Composer\\MVC_Composer\\MVC_Composer\\public\\index.php(186): includeFromRoot('static\/header.p...')\n#2 {main}",
    "time": "2025-09-28 14:57:39"
}
[28-Sep-2025 14:57:52 America/Toronto] Connexion réussie en 0.0089 secondes
[28-Sep-2025 14:57:52 America/Toronto] {
    "type": "Error",
    "code": 2,
    "message": "Undefined variable $router",
    "file": "C:\\xampp\\htdocs\\dashboard\\PHP2\\MVC_Composer\\MVC_Composer\\MVC_Composer\\static\\header.php",
    "line": 45,
    "time": "2025-09-28 14:57:52"
}
[28-Sep-2025 14:57:52 America/Toronto] {
    "type": "Exception",
    "class": "Error",
    "code": 0,
    "message": "Call to a member function generate() on null",
    "file": "C:\\xampp\\htdocs\\dashboard\\PHP2\\MVC_Composer\\MVC_Composer\\MVC_Composer\\static\\header.php",
    "line": 45,
    "trace": "#0 C:\\xampp\\htdocs\\dashboard\\PHP2\\MVC_Composer\\MVC_Composer\\MVC_Composer\\public\\index.php(16): require()\n#1 C:\\xampp\\htdocs\\dashboard\\PHP2\\MVC_Composer\\MVC_Composer\\MVC_Composer\\public\\index.php(200): includeFromRoot('static\/header.p...')\n#2 {main}",
    "time": "2025-09-28 14:57:52"
}
